<?xml version="1.0" encoding="UTF-8"?>
<!-- Generated by org.testng.reporters.JUnitXMLReporter -->
<testsuite hostname="DESKTOP-4IUCBQJ" ignored="0" name="Test" tests="8" failures="0" timestamp="2021-06-19T13:43:25 IST" time="0.157" errors="0">
  <testcase name="IosApps" time="0.009" classname="qaclickacademy.AppiumTest"/>
  <testcase name="NativeAppAndroid" time="0.0" classname="qaclickacademy.AppiumTest"/>
  <testcase name="subhajit" time="0.001" classname="qaclickacademy.AppiumTest"/>
  <testcase name="Webtest" time="0.006" classname="qaclickacademy.SeleniumTest"/>
  <testcase name="Abcd" time="0.003" classname="qaclickacademy.JiraTest"/>
  <testcase name="DEF" time="0.001" classname="qaclickacademy.JiraTest"/>
  <testcase name="XYZ" time="0.0" classname="qaclickacademy.JiraTest"/>
  <testcase name="pqr" time="0.003" classname="qaclickacademy.WebTest"/>
</testsuite> <!-- Test -->
